<?xml version="1.0" encoding="utf-8"?><testsuites name="pytest tests"><testsuite name="pytest" errors="0" failures="0" skipped="0" tests="30" time="4.193" timestamp="2026-09-12T07:01:43.888600+00:00" hostname="agent-env-329efcbd-919f-4e05-b146-298f926d8e44"><testcase classname="tests.test_bigsmedia_api.TestAuth" name="test_login_success" time="0.418" /><testcase classname="tests.test_bigsmedia_api.TestAdminUnauth" name="test_endpoints_require_auth[/admin/stats]" time="0.418" /><testcase classname="tests.test_bigsmedia_api.TestAuth" name="test_login_wrong" time="0.282" /><testcase classname="tests.test_bigsmedia_api.TestAdminUnauth" name="test_endpoints_require_auth[/admin/quotes]" time="0.280" /><testcase classname="tests.test_bigsmedia_api.TestAdminUnauth" name="test_endpoints_require_auth[/admin/appointments]" time="0.066" /><testcase classname="tests.test_bigsmedia_api.TestAuth" name="test_me_requires_token" time="0.066" /><testcase classname="tests.test_bigsmedia_api.TestAdminUnauth" name="test_endpoints_require_auth[/admin/portfolio]" time="0.282" /><testcase classname="tests.test_bigsmedia_api.TestAuth" name="test_me_ok" time="0.338" /><testcase classname="tests.test_beats.TestAdminBeatsAuth" name="test_admin_beats_requires_token" time="0.264" /><testcase classname="tests.test_beats.TestAdminBeatsAuth" name="test_admin_create_requires_token" time="0.074" /><testcase classname="tests.test_bigsmedia_api.TestAdminFlows" name="test_stats" time="0.391" /><testcase classname="tests.test_bigsmedia_api.TestAdminFlows" name="test_update_quote_status" time="0.379" /><testcase classname="tests.test_beats.TestAdminBeatsAuth" name="test_admin_delete_requires_token" time="0.071" /><testcase classname="tests.test_bigsmedia_api.TestAdminFlows" name="test_update_appointment_status" time="0.226" /><testcase classname="tests.test_beats.TestAdminBeatsCRUD" name="test_list_admin_beats" time="0.404" /><testcase classname="tests.test_beats.TestAdminBeatsCRUD" name="test_create_and_soft_delete_beat" time="0.394" /><testcase classname="tests.test_bigsmedia_api.TestAdminFlows" name="test_project_create_and_soft_delete" time="0.333" /><testcase classname="tests.test_beats.TestAdminBeatsCRUD" name="test_delete_nonexistent_beat" time="0.069" /><testcase classname="tests.test_bigsmedia_api.TestPublic" name="test_services" time="0.066" /><testcase classname="tests.test_bigsmedia_api.TestForms" name="test_create_quote" time="0.061" /><testcase classname="tests.test_bigsmedia_api.TestPublic" name="test_portfolio_list_and_detail" time="0.169" /><testcase classname="tests.test_bigsmedia_api.TestForms" name="test_create_appointment" time="0.061" /><testcase classname="tests.test_bigsmedia_api.TestForms" name="test_quote_validation_bad_email" time="0.060" /><testcase classname="tests.test_beats.TestBeatsPublic" name="test_get_beats_returns_seeded" time="0.133" /><testcase classname="tests.test_bigsmedia_api.TestPublic" name="test_portfolio_404" time="0.071" /><testcase classname="tests.test_uploads_and_prices.TestUpload" name="test_upload_requires_auth" time="0.133" /><testcase classname="tests.test_uploads_and_prices.TestBeatPrices" name="test_seeded_beats_have_prices" time="0.118" /><testcase classname="tests.test_uploads_and_prices.TestUpload" name="test_upload_and_public_serve" time="0.880" /><testcase classname="tests.test_uploads_and_prices.TestBeatCreateWithPriceAndPreview" name="test_create_with_price_preview_persists" time="0.686" /><testcase classname="tests.test_uploads_and_prices.TestProjectCreateAndImage" name="test_create_project_appears_in_portfolio" time="0.180" /></testsuite></testsuites>