<?xml version="1.0" encoding="utf-8"?><testsuites name="pytest tests"><testsuite name="pytest" errors="0" failures="0" skipped="0" tests="8" time="1.799" timestamp="2026-09-12T16:54:46.520889+00:00" hostname="agent-env-329efcbd-919f-4e05-b146-298f926d8e44"><testcase classname="tests.test_orders_and_licenses.TestBeatsPrices" name="test_public_beats_have_two_prices" time="0.331" /><testcase classname="tests.test_orders_and_licenses.TestOrders" name="test_create_order_public_no_auth" time="0.289" /><testcase classname="tests.test_orders_and_licenses.TestOrders" name="test_admin_orders_requires_auth" time="0.162" /><testcase classname="tests.test_orders_and_licenses.TestBeatsPrices" name="test_afro_zouk_has_preview_url" time="0.151" /><testcase classname="tests.test_orders_and_licenses.TestOrders" name="test_admin_orders_lists_created" time="0.640" /><testcase classname="tests.test_orders_and_licenses.TestAdminCreateBeat" name="test_create_beat_with_two_prices_appears_in_public" time="1.017" /><testcase classname="tests.test_orders_and_licenses.TestOrders" name="test_patch_order_status_cycle" time="0.249" /><testcase classname="tests.test_orders_and_licenses.TestOrders" name="test_patch_unknown_order_returns_404" time="0.119" /></testsuite></testsuites>